mireap start at Thu Oct 10 13:54:24 2019

Parameters:
  minimal miRNA length: 17
  maximal miRNA length: 26
  minimal miRNA(reference) length: 20
  maximal miRNA(reference) length: 24
  uniqueness of miRNA: 20
  maximal energy: -18
  minimal space: 5
  maximal space: 35
  minimal mature pair: 14
  maximal mature bulge: 4
  maximal duplex asymmetry: 5
  flank sequence length: 10

Load short tag file: ../files_needed/KY242785.collapsed.fa
  small RNAs [17 - 26 nt]
  unique: 3924218
  total:  227275272

Load mapping file: ../files_needed/KY242785.map.txt
  small RNAs mapped [17 - 26 nt]
  unique: 1667
  total:  18371

Load reference file: ../../reference/KY242785.fasta
  total 1 entries

miRNA discovery
	KY242785.1:+ 767 142(0) 8
	KY242785.1:- 495 120(0) 8

mireap finish at Thu Oct 10 13:54:39 2019
  14 miRNA genes are identified
