#Starting miRDeep2
../mirdeep2-master/bin/miRDeep2.pl ../mapper/KY242785.collapsed.fa ../../reference/KY242785.fa ../mapper/KY242785.arf none none none

miRDeep2 started at 0:54:35


mkdir mirdeep_runs/run_10_10_2019_t_00_54_35

#testing input files
sanity_check_reads_ready_file.pl ../mapper/KY242785.collapsed.fa

started: 0:54:35

ended: 0:55:23
total:0h:0m:48s

started: 0:55:23
sanity_check_genome.pl ../../reference/KY242785.fa


ended: 0:55:23
total:0h:0m:0s

started: 0:55:23
sanity_check_mapping_file.pl ../mapper/KY242785.arf


ended: 0:55:23
total:0h:0m:0s

Pre-quantitation is skipped caused by missing file with known precursor miRNAs


#parsing genome mappings
parse_mappings.pl ../mapper/KY242785.arf -a 0 -b 18 -c 25 -i 5 > mirdeep_runs/run_10_10_2019_t_00_54_35/tmp/KY242785.arf_parsed.arf

started: 0:55:23

ended: 0:55:23
total:0h:0m:0s

#excising precursors
started: 0:55:23
excise_precursors_iterative_final.pl ../../reference/KY242785.fa mirdeep_runs/run_10_10_2019_t_00_54_35/tmp/KY242785.arf_parsed.arf mirdeep_runs/run_10_10_2019_t_00_54_35/tmp/precursors.fa mirdeep_runs/run_10_10_2019_t_00_54_35/tmp/precursors.coords 50000
1	1058

ended: 0:55:24
total:0h:0m:1s

#preparing signature
prepare_signature.pl ../mapper/KY242785.collapsed.fa mirdeep_runs/run_10_10_2019_t_00_54_35/tmp/precursors.fa 1 -o mirdeep_runs/run_10_10_2019_t_00_54_35/tmp/signature.arf 2>>error_10_10_2019_t_00_54_35.log

started: 0:55:24

ended: 0:55:32
total:0h:0m:8s

#folding precursors
started: 0:55:32
RNAfold < mirdeep_runs/run_10_10_2019_t_00_54_35/tmp/precursors.fa --noPS > mirdeep_runs/run_10_10_2019_t_00_54_35/tmp/precursors.str


ended: 0:55:37
total:0h:0m:5s

#computing randfold p-values
select_for_randfold.pl mirdeep_runs/run_10_10_2019_t_00_54_35/tmp/signature.arf mirdeep_runs/run_10_10_2019_t_00_54_35/tmp/precursors.str > mirdeep_runs/run_10_10_2019_t_00_54_35/tmp/precursors_for_randfold.ids

started: 0:55:37

ended: 0:55:37
total:0h:0m:0s

started: 0:55:37
fastaselect.pl mirdeep_runs/run_10_10_2019_t_00_54_35/tmp/precursors.fa mirdeep_runs/run_10_10_2019_t_00_54_35/tmp/precursors_for_randfold.ids > mirdeep_runs/run_10_10_2019_t_00_54_35/tmp/precursors_for_randfold.fa


ended: 0:55:37
total:0h:0m:0s

started: 0:55:37
randfold -s mirdeep_runs/run_10_10_2019_t_00_54_35/tmp/precursors_for_randfold.fa 99 > mirdeep_runs/run_10_10_2019_t_00_54_35/tmp/precursors_for_randfold.rand


ended: 0:57:29
total:0h:1m:52s

#running miRDeep core algorithm
started: 0:57:29
miRDeep2_core_algorithm.pl mirdeep_runs/run_10_10_2019_t_00_54_35/tmp/signature.arf mirdeep_runs/run_10_10_2019_t_00_54_35/tmp/precursors.str -v -50 -l 20 -y mirdeep_runs/run_10_10_2019_t_00_54_35/tmp/precursors_for_randfold.rand > mirdeep_runs/run_10_10_2019_t_00_54_35/output.mrd

ended: 0:57:29
total:0h:0m:0s

#running permuted controls
started: 0:57:29
echo 'miRDeep2_core_algorithm.pl mirdeep_runs/run_10_10_2019_t_00_54_35/tmp/signature.arf mirdeep_runs/run_10_10_2019_t_00_54_35/tmp/precursors.str -v -50 -y mirdeep_runs/run_10_10_2019_t_00_54_35/tmp/precursors_for_randfold.rand > mirdeep_runs/run_10_10_2019_t_00_54_35/output.mrd' > mirdeep_runs/run_10_10_2019_t_00_54_35/tmp/command_line

perform_controls.pl mirdeep_runs/run_10_10_2019_t_00_54_35/tmp/command_line mirdeep_runs/run_10_10_2019_t_00_54_35/tmp/precursors.str 100 -a > mirdeep_runs/run_10_10_2019_t_00_54_35/tmp/output_permuted.mrd 2>>error_10_10_2019_t_00_54_35.log


ended: 0:57:46
total:0h:0m:17s

#doing survey of accuracy
survey.pl mirdeep_runs/run_10_10_2019_t_00_54_35/output.mrd -a mirdeep_runs/run_10_10_2019_t_00_54_35/tmp/output_permuted.mrd -d 1 > mirdeep_runs/run_10_10_2019_t_00_54_35/survey.csv

started: 0:57:46

ended: 0:57:46
total:0h:0m:0s

#producing graphic results
started: 0:57:46
make_html.pl -f mirdeep_runs/run_10_10_2019_t_00_54_35/output.mrd -p mirdeep_runs/run_10_10_2019_t_00_54_35/tmp/precursors.coords -v 0 -s mirdeep_runs/run_10_10_2019_t_00_54_35/survey.csv -c -e -r /home/barry/Desktop/Owen_Donohue/mirdeep2/mirdeep2-master/bin//../Rfam_for_miRDeep.fa -y 10_10_2019_t_00_54_35 -o  -V 2.0.1.2 


No organism specified by switch -t [organism] so UCSC browser BLAT will not be used.

To get a list of possible species names type make_html.pl -u

Specify organism Reads are coming from by  -t [organism] to get links in html file

parsing input file finished
checking Rfam for hits to precursors
Build bowtie index of Rfam entries

Mapping mature,star and loop sequences against index
# reads processed: 345
# reads with at least one reported alignment: 2 (0.58%)
# reads that failed to align: 343 (99.42%)
Reported 3 alignments to 1 output stream(s)
creating PDF files
creating pdf for KY242785.1_160 finished
creating pdf for KY242785.1_555 finished
creating pdf for KY242785.1_943 finished
creating pdf for KY242785.1_1024 finished
creating pdf for KY242785.1_50 finished
creating pdf for KY242785.1_44 finished

ended: 0:57:48
total:0h:0m:2s

fasta and bed files have been created in subfolder mirna_results_10_10_2019_t_00_54_35


miRDeep runtime: 

started: 0:54:35
ended: 0:57:48
total:0h:3m:13s

